c:\users\진승언\source\repos\theifporker3\theifporker3\debug\theifporker3.pch
c:\users\진승언\source\repos\theifporker3\theifporker3\debug\vc141.pdb
c:\users\진승언\source\repos\theifporker3\theifporker3\debug\vc141.idb
c:\users\진승언\source\repos\theifporker3\theifporker3\debug\pch.obj
c:\users\진승언\source\repos\theifporker3\theifporker3\debug\theifporker3.obj
c:\users\진승언\source\repos\theifporker3\theifporker3\debug\player.obj
c:\users\진승언\source\repos\theifporker3\theifporker3\debug\deck.obj
c:\users\진승언\source\repos\theifporker3\theifporker3\debug\card.obj
c:\users\진승언\source\repos\theifporker3\theifporker3\debug\hand.obj
c:\users\진승언\source\repos\theifproker\theifpoker\theifporker3\theifporker3\debug\theifporker3.pch
c:\users\진승언\source\repos\theifproker\theifpoker\theifporker3\theifporker3\debug\vc141.pdb
c:\users\진승언\source\repos\theifproker\theifpoker\theifporker3\theifporker3\debug\vc141.idb
c:\users\진승언\source\repos\theifproker\theifpoker\theifporker3\theifporker3\debug\pch.obj
c:\users\진승언\source\repos\theifproker\theifpoker\theifporker3\theifporker3\debug\theifporker3.obj
c:\users\진승언\source\repos\theifproker\theifpoker\theifporker3\theifporker3\debug\player.obj
c:\users\진승언\source\repos\theifproker\theifpoker\theifporker3\theifporker3\debug\hand.obj
c:\users\진승언\source\repos\theifproker\theifpoker\theifporker3\theifporker3\debug\deck.obj
c:\users\진승언\source\repos\theifproker\theifpoker\theifporker3\theifporker3\debug\card.obj
c:\users\진승언\source\repos\theifproker\theifpoker\theifporker3\theifporker3\debug\game.obj
c:\users\진승언\source\repos\theifproker\theifpoker\theifporker3\theifporker3\debug\evaluator.obj
c:\users\진승언\source\repos\theifporker3\debug\theifporker3.exe
c:\users\진승언\source\repos\theifporker3\debug\theifporker3.ilk
c:\users\진승언\source\repos\theifporker3\debug\theifporker3.pdb
c:\users\진승언\source\repos\theifproker\theifpoker\theifporker3\debug\theifporker3.exe
c:\users\진승언\source\repos\theifproker\theifpoker\theifporker3\debug\theifporker3.ilk
c:\users\진승언\source\repos\theifproker\theifpoker\theifporker3\debug\theifporker3.pdb
c:\users\진승언\source\repos\theifprokerrealtmp\theifpoker\theifporker3\theifporker3\debug\card.obj
c:\users\진승언\source\repos\theifprokerrealtmp\theifpoker\theifporker3\theifporker3\debug\deck.obj
c:\users\진승언\source\repos\theifprokerrealtmp\theifpoker\theifporker3\theifporker3\debug\evaluator.obj
c:\users\진승언\source\repos\theifprokerrealtmp\theifpoker\theifporker3\theifporker3\debug\game.obj
c:\users\진승언\source\repos\theifprokerrealtmp\theifpoker\theifporker3\theifporker3\debug\hand.obj
c:\users\진승언\source\repos\theifprokerrealtmp\theifpoker\theifporker3\theifporker3\debug\pch.obj
c:\users\진승언\source\repos\theifprokerrealtmp\theifpoker\theifporker3\theifporker3\debug\player.obj
c:\users\진승언\source\repos\theifprokerrealtmp\theifpoker\theifporker3\theifporker3\debug\theifporker3.obj
c:\users\진승언\source\repos\theifprokerrealtmp\theifpoker\theifporker3\theifporker3\debug\card.obj.enc
c:\users\진승언\source\repos\theifprokerrealtmp\theifpoker\theifporker3\theifporker3\debug\deck.obj.enc
c:\users\진승언\source\repos\theifprokerrealtmp\theifpoker\theifporker3\theifporker3\debug\hand.obj.enc
c:\users\진승언\source\repos\theifprokerrealtmp\theifpoker\theifporker3\theifporker3\debug\player.obj.enc
c:\users\진승언\source\repos\theifprokerrealtmp\theifpoker\theifporker3\theifporker3\debug\theifporker3.obj.enc
c:\users\진승언\source\repos\theifprokerrealtmp\theifpoker\theifporker3\theifporker3\debug\theifporker3.pch
c:\users\진승언\source\repos\theifprokerrealtmp\theifpoker\theifporker3\theifporker3\debug\vc141.idb
c:\users\진승언\source\repos\theifprokerrealtmp\theifpoker\theifporker3\theifporker3\debug\vc141.pdb
c:\users\진승언\source\repos\theifprokerrealtmp\theifpoker\theifporker3\debug\theifporker3.pdb
c:\users\진승언\source\repos\theifprokerrealtmp\theifpoker\theifporker3\debug\theifporker3.exe
c:\users\진승언\source\repos\theifprokerrealtmp\theifpoker\theifporker3\debug\theifporker3.ilk
c:\users\진승언\source\repos\theifprokerrealtmp\theifpoker\theifporker3\theifporker3\debug\theifporker3.tlog\cl.command.1.tlog
c:\users\진승언\source\repos\theifprokerrealtmp\theifpoker\theifporker3\theifporker3\debug\theifporker3.tlog\cl.read.1.tlog
c:\users\진승언\source\repos\theifprokerrealtmp\theifpoker\theifporker3\theifporker3\debug\theifporker3.tlog\cl.write.1.tlog
c:\users\진승언\source\repos\theifprokerrealtmp\theifpoker\theifporker3\theifporker3\debug\theifporker3.tlog\link.command.1.tlog
c:\users\진승언\source\repos\theifprokerrealtmp\theifpoker\theifporker3\theifporker3\debug\theifporker3.tlog\link.read.1.tlog
c:\users\진승언\source\repos\theifprokerrealtmp\theifpoker\theifporker3\theifporker3\debug\theifporker3.tlog\link.write.1.tlog
